<?xml version="1.0" encoding="UTF-8"?>
<testng-results skipped="0" failed="0" ignored="0" total="1" passed="1">
  <reporter-output>
  </reporter-output>
  <suite name="Default suite" duration-ms="843" started-at="2018-03-31T05:37:41Z" finished-at="2018-03-31T05:37:41Z">
    <groups>
    </groups>
    <test name="Default test" duration-ms="843" started-at="2018-03-31T05:37:41Z" finished-at="2018-03-31T05:37:41Z">
      <class name="com.qa.test.GetAPITest">
        <test-method status="PASS" signature="setUp()[pri:0, instance:com.qa.test.GetAPITest@1b604f19]" name="setUp" is-config="true" duration-ms="11" started-at="2018-03-31T05:37:41Z" finished-at="2018-03-31T05:37:41Z">
          <reporter-output>
          </reporter-output>
        </test-method> <!-- setUp -->
        <test-method status="PASS" signature="getAPITest()[pri:0, instance:com.qa.test.GetAPITest@1b604f19]" name="getAPITest" duration-ms="794" started-at="2018-03-31T05:37:41Z" finished-at="2018-03-31T05:37:41Z">
          <reporter-output>
          </reporter-output>
        </test-method> <!-- getAPITest -->
      </class> <!-- com.qa.test.GetAPITest -->
    </test> <!-- Default test -->
  </suite> <!-- Default suite -->
</testng-results>
